  CH05-1_Exapmple.cpp
  Ch01_Variable.cpp
C:\Users\user\Cpp_PL\Cpp_Basic\Cpp_Basic\Cpp_Basic\Ch01_Variable.cpp(22,16): warning C4305: 'initializing': truncation from 'double' to 'float'
C:\Users\user\Cpp_PL\Cpp_Basic\Cpp_Basic\Cpp_Basic\Ch01_Variable.cpp(56,17): warning C4305: '=': truncation from 'int' to 'bool'
C:\Users\user\Cpp_PL\Cpp_Basic\Cpp_Basic\Cpp_Basic\Ch01_Variable.cpp(59,18): warning C4305: '=': truncation from 'int' to 'bool'
  Ch02_Operation.cpp
  Ch03_Statement.cpp
  Ch04-2_Example.cpp
  Ch04_Example.cpp
C:\Users\user\Cpp_PL\Cpp_Basic\Cpp_Basic\Cpp_Basic\Ch04_Example.cpp(78,46): warning C4101: 'FinishTime': unreferenced local variable
  Ch05-2_Example.cpp
  Ch05_Array.cpp
  Ch06_String.cpp
  Ch07_Structure.cpp
C:\Users\user\Cpp_PL\Cpp_Basic\Cpp_Basic\Cpp_Basic\Ch07_Structure.cpp(31,16): warning C4101: 'a': unreferenced local variable
  Ch08_Pointer.cpp
  Ch09_Dynamic.cpp
  Cpp_Basic.cpp
  Generating Code...
  Cpp_Basic.vcxproj -> C:\Users\user\Cpp_PL\Cpp_Basic\Cpp_Basic\x64\Debug\Cpp_Basic.exe
